[2023-09-15T10:53:11.312+0000] {taskinstance.py:1083} INFO - Dependencies all met for <TaskInstance: challenge_dag.load_task manual__2023-09-15T10:53:00.771402+00:00 [queued]>
[2023-09-15T10:53:11.317+0000] {taskinstance.py:1083} INFO - Dependencies all met for <TaskInstance: challenge_dag.load_task manual__2023-09-15T10:53:00.771402+00:00 [queued]>
[2023-09-15T10:53:11.317+0000] {taskinstance.py:1279} INFO - 
--------------------------------------------------------------------------------
[2023-09-15T10:53:11.317+0000] {taskinstance.py:1280} INFO - Starting attempt 1 of 1
[2023-09-15T10:53:11.317+0000] {taskinstance.py:1281} INFO - 
--------------------------------------------------------------------------------
[2023-09-15T10:53:11.356+0000] {taskinstance.py:1300} INFO - Executing <Task(BashOperator): load_task> on 2023-09-15 10:53:00.771402+00:00
[2023-09-15T10:53:11.359+0000] {standard_task_runner.py:55} INFO - Started process 12437 to run task
[2023-09-15T10:53:11.361+0000] {standard_task_runner.py:82} INFO - Running: ['airflow', 'tasks', 'run', 'challenge_dag', 'load_task', 'manual__2023-09-15T10:53:00.771402+00:00', '--job-id', '4', '--raw', '--subdir', 'DAGS_FOLDER/challenge_dag.py', '--cfg-path', '/tmp/tmpjdngwneg']
[2023-09-15T10:53:11.362+0000] {standard_task_runner.py:83} INFO - Job 4: Subtask load_task
[2023-09-15T10:53:11.418+0000] {task_command.py:388} INFO - Running <TaskInstance: challenge_dag.load_task manual__2023-09-15T10:53:00.771402+00:00 [running]> on host codespaces-f88201
[2023-09-15T10:53:11.583+0000] {taskinstance.py:1507} INFO - Exporting the following env vars:
AIRFLOW_CTX_DAG_OWNER=airflow
AIRFLOW_CTX_DAG_ID=challenge_dag
AIRFLOW_CTX_TASK_ID=load_task
AIRFLOW_CTX_EXECUTION_DATE=2023-09-15T10:53:00.771402+00:00
AIRFLOW_CTX_TRY_NUMBER=1
AIRFLOW_CTX_DAG_RUN_ID=manual__2023-09-15T10:53:00.771402+00:00
[2023-09-15T10:53:11.584+0000] {subprocess.py:63} INFO - Tmp dir root location: 
 /tmp
[2023-09-15T10:53:11.584+0000] {subprocess.py:75} INFO - Running command: ['/usr/bin/bash', '-c', 'echo -e ".separator ","\n.import --skip 1 /workspaces/hands-on-introduction-data-engineering-4395021/lab/challenge/challenge-transform-data.csv sp_500_sector_count" | sqlite3 /workspaces/hands-on-introduction-data-engineering-4395021/lab/challenge/challenge-load-db.db']
[2023-09-15T10:53:11.591+0000] {subprocess.py:86} INFO - Output:
[2023-09-15T10:53:11.624+0000] {subprocess.py:97} INFO - Command exited with return code 0
[2023-09-15T10:53:11.662+0000] {taskinstance.py:1318} INFO - Marking task as SUCCESS. dag_id=challenge_dag, task_id=load_task, execution_date=20230915T105300, start_date=20230915T105311, end_date=20230915T105311
[2023-09-15T10:53:11.733+0000] {local_task_job.py:208} INFO - Task exited with return code 0
[2023-09-15T10:53:11.744+0000] {taskinstance.py:2578} INFO - 0 downstream tasks scheduled from follow-on schedule check
