[2023-09-15T10:53:08.903+0000] {taskinstance.py:1083} INFO - Dependencies all met for <TaskInstance: challenge_dag.transform_task manual__2023-09-15T10:53:00.771402+00:00 [queued]>
[2023-09-15T10:53:08.908+0000] {taskinstance.py:1083} INFO - Dependencies all met for <TaskInstance: challenge_dag.transform_task manual__2023-09-15T10:53:00.771402+00:00 [queued]>
[2023-09-15T10:53:08.908+0000] {taskinstance.py:1279} INFO - 
--------------------------------------------------------------------------------
[2023-09-15T10:53:08.909+0000] {taskinstance.py:1280} INFO - Starting attempt 1 of 1
[2023-09-15T10:53:08.909+0000] {taskinstance.py:1281} INFO - 
--------------------------------------------------------------------------------
[2023-09-15T10:53:08.959+0000] {taskinstance.py:1300} INFO - Executing <Task(PythonOperator): transform_task> on 2023-09-15 10:53:00.771402+00:00
[2023-09-15T10:53:08.978+0000] {standard_task_runner.py:55} INFO - Started process 12411 to run task
[2023-09-15T10:53:08.982+0000] {standard_task_runner.py:82} INFO - Running: ['airflow', 'tasks', 'run', 'challenge_dag', 'transform_task', 'manual__2023-09-15T10:53:00.771402+00:00', '--job-id', '3', '--raw', '--subdir', 'DAGS_FOLDER/challenge_dag.py', '--cfg-path', '/tmp/tmp4dczo31h']
[2023-09-15T10:53:08.983+0000] {standard_task_runner.py:83} INFO - Job 3: Subtask transform_task
[2023-09-15T10:53:09.064+0000] {task_command.py:388} INFO - Running <TaskInstance: challenge_dag.transform_task manual__2023-09-15T10:53:00.771402+00:00 [running]> on host codespaces-f88201
[2023-09-15T10:53:09.234+0000] {taskinstance.py:1507} INFO - Exporting the following env vars:
AIRFLOW_CTX_DAG_OWNER=airflow
AIRFLOW_CTX_DAG_ID=challenge_dag
AIRFLOW_CTX_TASK_ID=transform_task
AIRFLOW_CTX_EXECUTION_DATE=2023-09-15T10:53:00.771402+00:00
AIRFLOW_CTX_TRY_NUMBER=1
AIRFLOW_CTX_DAG_RUN_ID=manual__2023-09-15T10:53:00.771402+00:00
[2023-09-15T10:53:09.265+0000] {python.py:177} INFO - Done. Returned value was: None
[2023-09-15T10:53:09.268+0000] {taskinstance.py:1318} INFO - Marking task as SUCCESS. dag_id=challenge_dag, task_id=transform_task, execution_date=20230915T105300, start_date=20230915T105308, end_date=20230915T105309
[2023-09-15T10:53:09.321+0000] {local_task_job.py:208} INFO - Task exited with return code 0
[2023-09-15T10:53:09.331+0000] {taskinstance.py:2578} INFO - 1 downstream tasks scheduled from follow-on schedule check
