[2023-09-15T10:53:03.067+0000] {taskinstance.py:1083} INFO - Dependencies all met for <TaskInstance: challenge_dag.extract_task manual__2023-09-15T10:53:00.771402+00:00 [queued]>
[2023-09-15T10:53:03.074+0000] {taskinstance.py:1083} INFO - Dependencies all met for <TaskInstance: challenge_dag.extract_task manual__2023-09-15T10:53:00.771402+00:00 [queued]>
[2023-09-15T10:53:03.074+0000] {taskinstance.py:1279} INFO - 
--------------------------------------------------------------------------------
[2023-09-15T10:53:03.074+0000] {taskinstance.py:1280} INFO - Starting attempt 1 of 1
[2023-09-15T10:53:03.074+0000] {taskinstance.py:1281} INFO - 
--------------------------------------------------------------------------------
[2023-09-15T10:53:03.114+0000] {taskinstance.py:1300} INFO - Executing <Task(BashOperator): extract_task> on 2023-09-15 10:53:00.771402+00:00
[2023-09-15T10:53:03.117+0000] {standard_task_runner.py:55} INFO - Started process 12378 to run task
[2023-09-15T10:53:03.119+0000] {standard_task_runner.py:82} INFO - Running: ['airflow', 'tasks', 'run', 'challenge_dag', 'extract_task', 'manual__2023-09-15T10:53:00.771402+00:00', '--job-id', '2', '--raw', '--subdir', 'DAGS_FOLDER/challenge_dag.py', '--cfg-path', '/tmp/tmpuvfnlua3']
[2023-09-15T10:53:03.119+0000] {standard_task_runner.py:83} INFO - Job 2: Subtask extract_task
[2023-09-15T10:53:03.176+0000] {task_command.py:388} INFO - Running <TaskInstance: challenge_dag.extract_task manual__2023-09-15T10:53:00.771402+00:00 [running]> on host codespaces-f88201
[2023-09-15T10:53:03.336+0000] {taskinstance.py:1507} INFO - Exporting the following env vars:
AIRFLOW_CTX_DAG_OWNER=airflow
AIRFLOW_CTX_DAG_ID=challenge_dag
AIRFLOW_CTX_TASK_ID=extract_task
AIRFLOW_CTX_EXECUTION_DATE=2023-09-15T10:53:00.771402+00:00
AIRFLOW_CTX_TRY_NUMBER=1
AIRFLOW_CTX_DAG_RUN_ID=manual__2023-09-15T10:53:00.771402+00:00
[2023-09-15T10:53:03.337+0000] {subprocess.py:63} INFO - Tmp dir root location: 
 /tmp
[2023-09-15T10:53:03.337+0000] {subprocess.py:75} INFO - Running command: ['/usr/bin/bash', '-c', 'wget -c https://datahub.io/core/s-and-p-500-companies/r/constituents.csv -O /workspaces/hands-on-introduction-data-engineering-4395021/lab/challenge/challenge-extract-data.csv']
[2023-09-15T10:53:03.342+0000] {subprocess.py:86} INFO - Output:
[2023-09-15T10:53:03.345+0000] {subprocess.py:93} INFO - --2023-09-15 10:53:03--  https://datahub.io/core/s-and-p-500-companies/r/constituents.csv
[2023-09-15T10:53:03.368+0000] {subprocess.py:93} INFO - Resolving datahub.io (datahub.io)... 172.67.157.38, 104.21.40.221, 2606:4700:3030::ac43:9d26, ...
[2023-09-15T10:53:03.372+0000] {subprocess.py:93} INFO - Connecting to datahub.io (datahub.io)|172.67.157.38|:443... connected.
[2023-09-15T10:53:05.182+0000] {subprocess.py:93} INFO - HTTP request sent, awaiting response... 302 Found
[2023-09-15T10:53:05.183+0000] {subprocess.py:93} INFO - Location: https://pkgstore.datahub.io/core/s-and-p-500-companies/constituents_csv/data/1beb8c524488247ccb27917bfcb581ec/constituents_csv.csv [following]
[2023-09-15T10:53:05.183+0000] {subprocess.py:93} INFO - --2023-09-15 10:53:05--  https://pkgstore.datahub.io/core/s-and-p-500-companies/constituents_csv/data/1beb8c524488247ccb27917bfcb581ec/constituents_csv.csv
[2023-09-15T10:53:05.190+0000] {subprocess.py:93} INFO - Resolving pkgstore.datahub.io (pkgstore.datahub.io)... 172.67.157.38, 104.21.40.221, 2606:4700:3033::6815:28dd, ...
[2023-09-15T10:53:05.194+0000] {subprocess.py:93} INFO - Connecting to pkgstore.datahub.io (pkgstore.datahub.io)|172.67.157.38|:443... connected.
[2023-09-15T10:53:06.203+0000] {subprocess.py:93} INFO - HTTP request sent, awaiting response... 200 OK
[2023-09-15T10:53:06.203+0000] {subprocess.py:93} INFO - Length: 17945 (18K) [text/csv]
[2023-09-15T10:53:06.204+0000] {subprocess.py:93} INFO - Saving to: ‘/workspaces/hands-on-introduction-data-engineering-4395021/lab/challenge/challenge-extract-data.csv’
[2023-09-15T10:53:06.204+0000] {subprocess.py:93} INFO - 
[2023-09-15T10:53:06.204+0000] {subprocess.py:93} INFO -      0K .......... .......                                    100% 59.1M=0s
[2023-09-15T10:53:06.204+0000] {subprocess.py:93} INFO - 
[2023-09-15T10:53:06.204+0000] {subprocess.py:93} INFO - 2023-09-15 10:53:06 (59.1 MB/s) - ‘/workspaces/hands-on-introduction-data-engineering-4395021/lab/challenge/challenge-extract-data.csv’ saved [17945/17945]
[2023-09-15T10:53:06.204+0000] {subprocess.py:93} INFO - 
[2023-09-15T10:53:06.204+0000] {subprocess.py:97} INFO - Command exited with return code 0
[2023-09-15T10:53:06.249+0000] {taskinstance.py:1318} INFO - Marking task as SUCCESS. dag_id=challenge_dag, task_id=extract_task, execution_date=20230915T105300, start_date=20230915T105303, end_date=20230915T105306
[2023-09-15T10:53:06.297+0000] {local_task_job.py:208} INFO - Task exited with return code 0
[2023-09-15T10:53:06.311+0000] {taskinstance.py:2578} INFO - 1 downstream tasks scheduled from follow-on schedule check
